# JRE version: Java(TM) SE Runtime Environment (8.0_25-b18) (build 1.8.0_25-b18)
# Java VM: Java HotSpot(TM) 64-Bit Server VM (25.25-b02 mixed mode windows-amd64 compressed oops)
Heap:
 PSYoungGen      total 76288K, used 12967K [0x000000076af80000, 0x0000000770480000, 0x00000007c0000000)
  eden space 65536K, 14% used [0x000000076af80000,0x000000076b8f5540,0x000000076ef80000)
  from space 10752K, 30% used [0x000000076ef80000,0x000000076f2b4968,0x000000076fa00000)
  to   space 10752K, 0% used [0x000000076fa00000,0x000000076fa00000,0x0000000770480000)
 ParOldGen       total 153088K, used 20681K [0x00000006c0e00000, 0x00000006ca380000, 0x000000076af80000)
  object space 153088K, 13% used [0x00000006c0e00000,0x00000006c2232418,0x00000006ca380000)
 Metaspace       used 21721K, capacity 22342K, committed 22656K, reserved 1069056K
  class space    used 2934K, capacity 3092K, committed 3200K, reserved 1048576K
GC Heap History (8 events):
Event: 0.934 GC heap before
{Heap before GC invocations=1 (full 0):
 PSYoungGen      total 76288K, used 65536K [0x000000076af80000, 0x0000000770480000, 0x00000007c0000000)
  eden space 65536K, 100% used [0x000000076af80000,0x000000076ef80000,0x000000076ef80000)
  from space 10752K, 0% used [0x000000076fa00000,0x000000076fa00000,0x0000000770480000)
  to   space 10752K, 0% used [0x000000076ef80000,0x000000076ef80000,0x000000076fa00000)
 ParOldGen       total 175104K, used 0K [0x00000006c0e00000, 0x00000006cb900000, 0x000000076af80000)
  object space 175104K, 0% used [0x00000006c0e00000,0x00000006c0e00000,0x00000006cb900000)
 Metaspace       used 13179K, capacity 13672K, committed 13952K, reserved 1060864K
  class space    used 1720K, capacity 1835K, committed 1920K, reserved 1048576K
Event: 0.940 GC heap after
Heap after GC invocations=1 (full 0):
 PSYoungGen      total 76288K, used 10663K [0x000000076af80000, 0x0000000770480000, 0x00000007c0000000)
  eden space 65536K, 0% used [0x000000076af80000,0x000000076af80000,0x000000076ef80000)
  from space 10752K, 99% used [0x000000076ef80000,0x000000076f9e9ed8,0x000000076fa00000)
  to   space 10752K, 0% used [0x000000076fa00000,0x000000076fa00000,0x0000000770480000)
 ParOldGen       total 175104K, used 88K [0x00000006c0e00000, 0x00000006cb900000, 0x000000076af80000)
  object space 175104K, 0% used [0x00000006c0e00000,0x00000006c0e16010,0x00000006cb900000)
 Metaspace       used 13179K, capacity 13672K, committed 13952K, reserved 1060864K
  class space    used 1720K, capacity 1835K, committed 1920K, reserved 1048576K
}
Event: 1.977 GC heap before
{Heap before GC invocations=2 (full 0):
 PSYoungGen      total 76288K, used 43684K [0x000000076af80000, 0x0000000770480000, 0x00000007c0000000)
  eden space 65536K, 50% used [0x000000076af80000,0x000000076cfbf418,0x000000076ef80000)
  from space 10752K, 99% used [0x000000076ef80000,0x000000076f9e9ed8,0x000000076fa00000)
  to   space 10752K, 0% used [0x000000076fa00000,0x000000076fa00000,0x0000000770480000)
 ParOldGen       total 175104K, used 88K [0x00000006c0e00000, 0x00000006cb900000, 0x000000076af80000)
  object space 175104K, 0% used [0x00000006c0e00000,0x00000006c0e16010,0x00000006cb900000)
 Metaspace       used 20488K, capacity 21086K, committed 21248K, reserved 1067008K
  class space    used 2805K, capacity 2956K, committed 3072K, reserved 1048576K
Event: 1.987 GC heap after
Heap after GC invocations=2 (full 0):
 PSYoungGen      total 76288K, used 10722K [0x000000076af80000, 0x0000000770480000, 0x00000007c0000000)
  eden space 65536K, 0% used [0x000000076af80000,0x000000076af80000,0x000000076ef80000)
  from space 10752K, 99% used [0x000000076fa00000,0x0000000770478a30,0x0000000770480000)
  to   space 10752K, 0% used [0x000000076ef80000,0x000000076ef80000,0x000000076fa00000)
 ParOldGen       total 175104K, used 10108K [0x00000006c0e00000, 0x00000006cb900000, 0x000000076af80000)
  object space 175104K, 5% used [0x00000006c0e00000,0x00000006c17df248,0x00000006cb900000)
 Metaspace       used 20488K, capacity 21086K, committed 21248K, reserved 1067008K
  class space    used 2805K, capacity 2956K, committed 3072K, reserved 1048576K
}
Event: 1.987 GC heap before
{Heap before GC invocations=3 (full 1):
 PSYoungGen      total 76288K, used 10722K [0x000000076af80000, 0x0000000770480000, 0x00000007c0000000)
  eden space 65536K, 0% used [0x000000076af80000,0x000000076af80000,0x000000076ef80000)
  from space 10752K, 99% used [0x000000076fa00000,0x0000000770478a30,0x0000000770480000)
  to   space 10752K, 0% used [0x000000076ef80000,0x000000076ef80000,0x000000076fa00000)
 ParOldGen       total 175104K, used 10108K [0x00000006c0e00000, 0x00000006cb900000, 0x000000076af80000)
  object space 175104K, 5% used [0x00000006c0e00000,0x00000006c17df248,0x00000006cb900000)
 Metaspace       used 20488K, capacity 21086K, committed 21248K, reserved 1067008K
  class space    used 2805K, capacity 2956K, committed 3072K, reserved 1048576K
Event: 2.060 GC heap after
Heap after GC invocations=3 (full 1):
 PSYoungGen      total 76288K, used 0K [0x000000076af80000, 0x0000000770480000, 0x00000007c0000000)
  eden space 65536K, 0% used [0x000000076af80000,0x000000076af80000,0x000000076ef80000)
  from space 10752K, 0% used [0x000000076fa00000,0x000000076fa00000,0x0000000770480000)
  to   space 10752K, 0% used [0x000000076ef80000,0x000000076ef80000,0x000000076fa00000)
 ParOldGen       total 153088K, used 20673K [0x00000006c0e00000, 0x00000006ca380000, 0x000000076af80000)
  object space 153088K, 13% used [0x00000006c0e00000,0x00000006c2230418,0x00000006ca380000)
 Metaspace       used 20487K, capacity 21084K, committed 21248K, reserved 1067008K
  class space    used 2804K, capacity 2955K, committed 3072K, reserved 1048576K
}
Event: 240.484 GC heap before
{Heap before GC invocations=4 (full 1):
 PSYoungGen      total 76288K, used 65536K [0x000000076af80000, 0x0000000770480000, 0x00000007c0000000)
  eden space 65536K, 100% used [0x000000076af80000,0x000000076ef80000,0x000000076ef80000)
  from space 10752K, 0% used [0x000000076fa00000,0x000000076fa00000,0x0000000770480000)
  to   space 10752K, 0% used [0x000000076ef80000,0x000000076ef80000,0x000000076fa00000)
 ParOldGen       total 153088K, used 20673K [0x00000006c0e00000, 0x00000006ca380000, 0x000000076af80000)
  object space 153088K, 13% used [0x00000006c0e00000,0x00000006c2230418,0x00000006ca380000)
 Metaspace       used 21333K, capacity 21990K, committed 22272K, reserved 1069056K
  class space    used 2900K, capacity 3060K, committed 3072K, reserved 1048576K
Event: 240.486 GC heap after
Heap after GC invocations=4 (full 1):
 PSYoungGen      total 76288K, used 3282K [0x000000076af80000, 0x0000000770480000, 0x00000007c0000000)
  eden space 65536K, 0% used [0x000000076af80000,0x000000076af80000,0x000000076ef80000)
  from space 10752K, 30% used [0x000000076ef80000,0x000000076f2b4968,0x000000076fa00000)
  to   space 10752K, 0% used [0x000000076fa00000,0x000000076fa00000,0x0000000770480000)
 ParOldGen       total 153088K, used 20681K [0x00000006c0e00000, 0x00000006ca380000, 0x000000076af80000)
  object space 153088K, 13% used [0x00000006c0e00000,0x00000006c2232418,0x00000006ca380000)
 Metaspace       used 21333K, capacity 21990K, committed 22272K, reserved 1069056K
  class space    used 2900K, capacity 3060K, committed 3072K, reserved 1048576K
}

